
sfs_init()
    conn:
    proto_major = 7
    proto_minor = 23
    async_read = 1
    max_write = 131072
    max_readahead = 131072
    capable = 00000ffb
    want = 00000010
    context:
    fuse = 01769500
    uid = 0
    gid = 0
    pid = 0
    private_data = 01769010
    logfile = 01769030
    diskfile = /home/csuser/testing/OS2017/assignment3/testfsfile
    umask = 00000

sfs_getattr(path="/", statbuf=0x4f06bbf0)
    si:
    st_dev = 0
    st_ino = 0
    st_mode = 040755
    st_nlink = 2
    st_uid = 0
    st_gid = 0
    st_rdev = 0
    st_size = 0
    st_blksize = 0
    st_blocks = 0
    st_atime = 0x00000000
    st_mtime = 0x00000000
    st_ctime = 0x00000000

sfs_readdir(path="/", fi=0x4e86ac50)

sfs_getattr(path="/fuck", statbuf=0x4f06bc20)
didnt fail yet
got hereee, i is 0
path = /fuck, node's path = /
got hereee, i is 1
path = /fuck, node's path = /fuck
still didnt fail
found the inode
    si:
    st_dev = 0
    st_ino = 0
    st_mode = 0100777
    st_nlink = 0
    st_uid = 0
    st_gid = 0
    st_rdev = 0
    st_size = 0
    st_blksize = 0
    st_blocks = 1
    st_atime = 0x59054002
    st_mtime = 0x59054002
    st_ctime = 0x59054002

sfs_getattr(path="/fuck", statbuf=0x4e86ac20)
didnt fail yet
got hereee, i is 0
path = /fuck, node's path = /
got hereee, i is 1
path = /fuck, node's path = /fuck
still didnt fail
found the inode
    si:
    st_dev = 0
    st_ino = 0
    st_mode = 0100777
    st_nlink = 0
    st_uid = 0
    st_gid = 0
    st_rdev = 0
    st_size = 0
    st_blksize = 0
    st_blocks = 1
    st_atime = 0x59054004
    st_mtime = 0x59054004
    st_ctime = 0x59054004
sfs_unlink(path="/fuck")
got hereee, i is 0
path = /fuck, node's path = /
got hereee, i is 1
path = /fuck, node's path = /fuck

sfs_readdir(path="/", fi=0x4e86ac50)

sfs_getattr(path="/omfg.txt", statbuf=0x4e86ac20)
didnt fail yet
got hereee, i is 0
path = /omfg.txt, node's path = /
still didnt fail
didnt found the inode
    si:
    st_dev = 0
    st_ino = 0
    st_mode = 00
    st_nlink = 0
    st_uid = 0
    st_gid = 0
    st_rdev = 0
    st_size = 0
    st_blksize = 0
    st_blocks = 0
    st_atime = 0x00000000
    st_mtime = 0x00000000
    st_ctime = 0x00000000

sfs_create(path="/omfg.txt", mode=0100664, fi=0x4f06bd10)

sfs_getattr(path="/omfg.txt", statbuf=0x4f06bbe0)
didnt fail yet
got hereee, i is 0
path = /omfg.txt, node's path = /
got hereee, i is 1
path = /omfg.txt, node's path = /omfg.txt
still didnt fail
found the inode
    si:
    st_dev = 0
    st_ino = 0
    st_mode = 0100777
    st_nlink = 0
    st_uid = 0
    st_gid = 0
    st_rdev = 0
    st_size = 0
    st_blksize = 0
    st_blocks = 1
    st_atime = 0x5905400c
    st_mtime = 0x5905400c
    st_ctime = 0x5905400c

sfs_release(path="/omfg.txt", fi=0x4f06bd10)

sfs_readdir(path="/", fi=0x4f06bc50)

sfs_getattr(path="/omfg.txt", statbuf=0x4e86ac20)
didnt fail yet
got hereee, i is 0
path = /omfg.txt, node's path = /
got hereee, i is 1
path = /omfg.txt, node's path = /omfg.txt
still didnt fail
found the inode
    si:
    st_dev = 0
    st_ino = 0
    st_mode = 0100777
    st_nlink = 0
    st_uid = 0
    st_gid = 0
    st_rdev = 0
    st_size = 0
    st_blksize = 0
    st_blocks = 1
    st_atime = 0x5905400d
    st_mtime = 0x5905400d
    st_ctime = 0x5905400d

sfs_getattr(path="/omfg.txt", statbuf=0x4f06bc20)
didnt fail yet
got hereee, i is 0
path = /omfg.txt, node's path = /
got hereee, i is 1
path = /omfg.txt, node's path = /omfg.txt
still didnt fail
found the inode
    si:
    st_dev = 0
    st_ino = 0
    st_mode = 0100777
    st_nlink = 0
    st_uid = 0
    st_gid = 0
    st_rdev = 0
    st_size = 0
    st_blksize = 0
    st_blocks = 1
    st_atime = 0x5905402f
    st_mtime = 0x5905402f
    st_ctime = 0x5905402f

sfs_open(path"/omfg.txt", fi=0x4e86ad10)

sfs_write(path="/omfg.txt", buf=0x4fc62060, size=43, offset=0, fi=0x4e86ad80)
got hereee, i is 0
path = /omfg.txt, node's path = /
got hereee, i is 1
path = /omfg.txt, node's path = /omfg.txt

given path= /omfg.txt, inode path= /omfg.txt 
 
sfs_release(path="/omfg.txt", fi=0x4f06bd10)

sfs_readdir(path="/", fi=0x4f06bc50)

sfs_getattr(path="/omfg.txt", statbuf=0x4e86ac20)
didnt fail yet
got hereee, i is 0
path = /omfg.txt, node's path = /
got hereee, i is 1
path = /omfg.txt, node's path = /omfg.txt
still didnt fail
found the inode
    si:
    st_dev = 0
    st_ino = 0
    st_mode = 0100777
    st_nlink = 0
    st_uid = 0
    st_gid = 0
    st_rdev = 0
    st_size = 0
    st_blksize = 0
    st_blocks = 1
    st_atime = 0x59054035
    st_mtime = 0x59054035
    st_ctime = 0x59054035

sfs_getattr(path="/", statbuf=0x4f06bbf0)
    si:
    st_dev = 0
    st_ino = 0
    st_mode = 040755
    st_nlink = 2
    st_uid = 0
    st_gid = 0
    st_rdev = 0
    st_size = 0
    st_blksize = 0
    st_blocks = 0
    st_atime = 0x00000000
    st_mtime = 0x00000000
    st_ctime = 0x00000000

sfs_readdir(path="/", fi=0x4f06bc50)

sfs_getattr(path="/", statbuf=0x4f06bbf0)
    si:
    st_dev = 0
    st_ino = 0
    st_mode = 040755
    st_nlink = 2
    st_uid = 0
    st_gid = 0
    st_rdev = 0
    st_size = 0
    st_blksize = 0
    st_blocks = 0
    st_atime = 0x00000000
    st_mtime = 0x00000000
    st_ctime = 0x00000000

sfs_readdir(path="/", fi=0x4f06bc50)

sfs_getattr(path="/omfg.txt", statbuf=0x4e86ac20)
didnt fail yet
got hereee, i is 0
path = /omfg.txt, node's path = /
got hereee, i is 1
path = /omfg.txt, node's path = /omfg.txt
still didnt fail
found the inode
    si:
    st_dev = 0
    st_ino = 0
    st_mode = 0100777
    st_nlink = 0
    st_uid = 0
    st_gid = 0
    st_rdev = 0
    st_size = 0
    st_blksize = 0
    st_blocks = 1
    st_atime = 0x59060fb6
    st_mtime = 0x59060fb6
    st_ctime = 0x59060fb6
sfs_unlink(path="/omfg.txt")
got hereee, i is 0
path = /omfg.txt, node's path = /
got hereee, i is 1
path = /omfg.txt, node's path = /omfg.txt

sfs_getattr(path="/", statbuf=0x4e86abf0)
    si:
    st_dev = 0
    st_ino = 0
    st_mode = 040755
    st_nlink = 2
    st_uid = 0
    st_gid = 0
    st_rdev = 0
    st_size = 0
    st_blksize = 0
    st_blocks = 0
    st_atime = 0x00000000
    st_mtime = 0x00000000
    st_ctime = 0x00000000

sfs_getattr(path="/", statbuf=0x4f06bbf0)
    si:
    st_dev = 0
    st_ino = 0
    st_mode = 040755
    st_nlink = 2
    st_uid = 0
    st_gid = 0
    st_rdev = 0
    st_size = 0
    st_blksize = 0
    st_blocks = 0
    st_atime = 0x00000000
    st_mtime = 0x00000000
    st_ctime = 0x00000000

sfs_getattr(path="/", statbuf=0x4e86abf0)
    si:
    st_dev = 0
    st_ino = 0
    st_mode = 040755
    st_nlink = 2
    st_uid = 0
    st_gid = 0
    st_rdev = 0
    st_size = 0
    st_blksize = 0
    st_blocks = 0
    st_atime = 0x00000000
    st_mtime = 0x00000000
    st_ctime = 0x00000000

sfs_readdir(path="/", fi=0x4e86ac50)

sfs_getattr(path="/", statbuf=0x4e86abf0)
    si:
    st_dev = 0
    st_ino = 0
    st_mode = 040755
    st_nlink = 2
    st_uid = 0
    st_gid = 0
    st_rdev = 0
    st_size = 0
    st_blksize = 0
    st_blocks = 0
    st_atime = 0x00000000
    st_mtime = 0x00000000
    st_ctime = 0x00000000

sfs_readdir(path="/", fi=0x4e86ac50)

sfs_getattr(path="/", statbuf=0x4e86abf0)
    si:
    st_dev = 0
    st_ino = 0
    st_mode = 040755
    st_nlink = 2
    st_uid = 0
    st_gid = 0
    st_rdev = 0
    st_size = 0
    st_blksize = 0
    st_blocks = 0
    st_atime = 0x00000000
    st_mtime = 0x00000000
    st_ctime = 0x00000000

sfs_getattr(path="/", statbuf=0x4f06bbf0)
    si:
    st_dev = 0
    st_ino = 0
    st_mode = 040755
    st_nlink = 2
    st_uid = 0
    st_gid = 0
    st_rdev = 0
    st_size = 0
    st_blksize = 0
    st_blocks = 0
    st_atime = 0x00000000
    st_mtime = 0x00000000
    st_ctime = 0x00000000

sfs_readdir(path="/", fi=0x4f06bc50)

sfs_getattr(path="/", statbuf=0x4f06bbf0)
    si:
    st_dev = 0
    st_ino = 0
    st_mode = 040755
    st_nlink = 2
    st_uid = 0
    st_gid = 0
    st_rdev = 0
    st_size = 0
    st_blksize = 0
    st_blocks = 0
    st_atime = 0x00000000
    st_mtime = 0x00000000
    st_ctime = 0x00000000

sfs_readdir(path="/", fi=0x4f06bc50)

sfs_getattr(path="/", statbuf=0x4f06bbf0)
    si:
    st_dev = 0
    st_ino = 0
    st_mode = 040755
    st_nlink = 2
    st_uid = 0
    st_gid = 0
    st_rdev = 0
    st_size = 0
    st_blksize = 0
    st_blocks = 0
    st_atime = 0x00000000
    st_mtime = 0x00000000
    st_ctime = 0x00000000

sfs_getattr(path="/", statbuf=0x4e86abf0)
    si:
    st_dev = 0
    st_ino = 0
    st_mode = 040755
    st_nlink = 2
    st_uid = 0
    st_gid = 0
    st_rdev = 0
    st_size = 0
    st_blksize = 0
    st_blocks = 0
    st_atime = 0x00000000
    st_mtime = 0x00000000
    st_ctime = 0x00000000

sfs_readdir(path="/", fi=0x4e86ac50)

sfs_getattr(path="/", statbuf=0x4e86abf0)
    si:
    st_dev = 0
    st_ino = 0
    st_mode = 040755
    st_nlink = 2
    st_uid = 0
    st_gid = 0
    st_rdev = 0
    st_size = 0
    st_blksize = 0
    st_blocks = 0
    st_atime = 0x00000000
    st_mtime = 0x00000000
    st_ctime = 0x00000000

sfs_readdir(path="/", fi=0x4e86ac50)

sfs_getattr(path="/", statbuf=0x4e86abf0)
    si:
    st_dev = 0
    st_ino = 0
    st_mode = 040755
    st_nlink = 2
    st_uid = 0
    st_gid = 0
    st_rdev = 0
    st_size = 0
    st_blksize = 0
    st_blocks = 0
    st_atime = 0x00000000
    st_mtime = 0x00000000
    st_ctime = 0x00000000

sfs_getattr(path="/", statbuf=0x4f06bbf0)
    si:
    st_dev = 0
    st_ino = 0
    st_mode = 040755
    st_nlink = 2
    st_uid = 0
    st_gid = 0
    st_rdev = 0
    st_size = 0
    st_blksize = 0
    st_blocks = 0
    st_atime = 0x00000000
    st_mtime = 0x00000000
    st_ctime = 0x00000000

sfs_readdir(path="/", fi=0x4f06bc50)

sfs_getattr(path="/", statbuf=0x4f06bbf0)
    si:
    st_dev = 0
    st_ino = 0
    st_mode = 040755
    st_nlink = 2
    st_uid = 0
    st_gid = 0
    st_rdev = 0
    st_size = 0
    st_blksize = 0
    st_blocks = 0
    st_atime = 0x00000000
    st_mtime = 0x00000000
    st_ctime = 0x00000000

sfs_readdir(path="/", fi=0x4f06bc50)

sfs_getattr(path="/", statbuf=0x4f06bbf0)
    si:
    st_dev = 0
    st_ino = 0
    st_mode = 040755
    st_nlink = 2
    st_uid = 0
    st_gid = 0
    st_rdev = 0
    st_size = 0
    st_blksize = 0
    st_blocks = 0
    st_atime = 0x00000000
    st_mtime = 0x00000000
    st_ctime = 0x00000000

sfs_getattr(path="/", statbuf=0x4e86abf0)
    si:
    st_dev = 0
    st_ino = 0
    st_mode = 040755
    st_nlink = 2
    st_uid = 0
    st_gid = 0
    st_rdev = 0
    st_size = 0
    st_blksize = 0
    st_blocks = 0
    st_atime = 0x00000000
    st_mtime = 0x00000000
    st_ctime = 0x00000000

sfs_readdir(path="/", fi=0x4e86ac50)

sfs_getattr(path="/", statbuf=0x4e86abf0)
    si:
    st_dev = 0
    st_ino = 0
    st_mode = 040755
    st_nlink = 2
    st_uid = 0
    st_gid = 0
    st_rdev = 0
    st_size = 0
    st_blksize = 0
    st_blocks = 0
    st_atime = 0x00000000
    st_mtime = 0x00000000
    st_ctime = 0x00000000

sfs_readdir(path="/", fi=0x4e86ac50)

sfs_getattr(path="/", statbuf=0x4e86abf0)
    si:
    st_dev = 0
    st_ino = 0
    st_mode = 040755
    st_nlink = 2
    st_uid = 0
    st_gid = 0
    st_rdev = 0
    st_size = 0
    st_blksize = 0
    st_blocks = 0
    st_atime = 0x00000000
    st_mtime = 0x00000000
    st_ctime = 0x00000000

sfs_getattr(path="/", statbuf=0x4f06bbf0)
    si:
    st_dev = 0
    st_ino = 0
    st_mode = 040755
    st_nlink = 2
    st_uid = 0
    st_gid = 0
    st_rdev = 0
    st_size = 0
    st_blksize = 0
    st_blocks = 0
    st_atime = 0x00000000
    st_mtime = 0x00000000
    st_ctime = 0x00000000

sfs_readdir(path="/", fi=0x4f06bc50)

sfs_getattr(path="/", statbuf=0x4f06bbf0)
    si:
    st_dev = 0
    st_ino = 0
    st_mode = 040755
    st_nlink = 2
    st_uid = 0
    st_gid = 0
    st_rdev = 0
    st_size = 0
    st_blksize = 0
    st_blocks = 0
    st_atime = 0x00000000
    st_mtime = 0x00000000
    st_ctime = 0x00000000

sfs_readdir(path="/", fi=0x4f06bc50)

sfs_getattr(path="/", statbuf=0x4f06bbf0)
    si:
    st_dev = 0
    st_ino = 0
    st_mode = 040755
    st_nlink = 2
    st_uid = 0
    st_gid = 0
    st_rdev = 0
    st_size = 0
    st_blksize = 0
    st_blocks = 0
    st_atime = 0x00000000
    st_mtime = 0x00000000
    st_ctime = 0x00000000

sfs_getattr(path="/", statbuf=0x4e86abf0)
    si:
    st_dev = 0
    st_ino = 0
    st_mode = 040755
    st_nlink = 2
    st_uid = 0
    st_gid = 0
    st_rdev = 0
    st_size = 0
    st_blksize = 0
    st_blocks = 0
    st_atime = 0x00000000
    st_mtime = 0x00000000
    st_ctime = 0x00000000

sfs_readdir(path="/", fi=0x4e86ac50)

sfs_getattr(path="/", statbuf=0x4e86abf0)
    si:
    st_dev = 0
    st_ino = 0
    st_mode = 040755
    st_nlink = 2
    st_uid = 0
    st_gid = 0
    st_rdev = 0
    st_size = 0
    st_blksize = 0
    st_blocks = 0
    st_atime = 0x00000000
    st_mtime = 0x00000000
    st_ctime = 0x00000000

sfs_getattr(path="/", statbuf=0x4f06bbf0)
    si:
    st_dev = 0
    st_ino = 0
    st_mode = 040755
    st_nlink = 2
    st_uid = 0
    st_gid = 0
    st_rdev = 0
    st_size = 0
    st_blksize = 0
    st_blocks = 0
    st_atime = 0x00000000
    st_mtime = 0x00000000
    st_ctime = 0x00000000

sfs_readdir(path="/", fi=0x4f06bc50)

sfs_getattr(path="/", statbuf=0x4f06bbf0)
    si:
    st_dev = 0
    st_ino = 0
    st_mode = 040755
    st_nlink = 2
    st_uid = 0
    st_gid = 0
    st_rdev = 0
    st_size = 0
    st_blksize = 0
    st_blocks = 0
    st_atime = 0x00000000
    st_mtime = 0x00000000
    st_ctime = 0x00000000

sfs_readdir(path="/", fi=0x4f06bc50)

sfs_getattr(path="/", statbuf=0x4f06bbf0)
    si:
    st_dev = 0
    st_ino = 0
    st_mode = 040755
    st_nlink = 2
    st_uid = 0
    st_gid = 0
    st_rdev = 0
    st_size = 0
    st_blksize = 0
    st_blocks = 0
    st_atime = 0x00000000
    st_mtime = 0x00000000
    st_ctime = 0x00000000

sfs_readdir(path="/", fi=0x4f06bc50)

sfs_getattr(path="/gg.c", statbuf=0x4f06bc20)
didnt fail yet
got hereee, i is 0
path = /gg.c, node's path = /
got hereee, i is 2
path = /gg.c, node's path = 
got hereee, i is 3
path = /gg.c, node's path = 
got hereee, i is 4
path = /gg.c, node's path = 
got hereee, i is 6
path = /gg.c, node's path = 
got hereee, i is 7
path = /gg.c, node's path = 
got hereee, i is 8
path = /gg.c, node's path = 
got hereee, i is 9
path = /gg.c, node's path = 
got hereee, i is 10
path = /gg.c, node's path = 
got hereee, i is 11
path = /gg.c, node's path = 
got hereee, i is 15
path = /gg.c, node's path = 
got hereee, i is 16
path = /gg.c, node's path = 
got hereee, i is 18
path = /gg.c, node's path = 
got hereee, i is 19
path = /gg.c, node's path = 
got hereee, i is 23
path = /gg.c, node's path = 
got hereee, i is 28
path = /gg.c, node's path = 
got hereee, i is 31
path = /gg.c, node's path = 
got hereee, i is 32
path = /gg.c, node's path = 
got hereee, i is 34
path = /gg.c, node's path = 
got hereee, i is 36
path = /gg.c, node's path = 
got hereee, i is 39
path = /gg.c, node's path = 
got hereee, i is 41
path = /gg.c, node's path = 
got hereee, i is 43
path = /gg.c, node's path = 
got hereee, i is 44
path = /gg.c, node's path = 
got hereee, i is 47
path = /gg.c, node's path = 
got hereee, i is 50
path = /gg.c, node's path = 
got hereee, i is 51
path = /gg.c, node's path = 
got hereee, i is 52
path = /gg.c, node's path = 
got hereee, i is 55
path = /gg.c, node's path = 
got hereee, i is 56
path = /gg.c, node's path = 
got hereee, i is 57
path = /gg.c, node's path = 
got hereee, i is 59
path = /gg.c, node's path = 
got hereee, i is 63
path = /gg.c, node's path = 
got hereee, i is 64
path = /gg.c, node's path = 
got hereee, i is 65
path = /gg.c, node's path = 
got hereee, i is 66
path = /gg.c, node's path = 
got hereee, i is 67
path = /gg.c, node's path = 
got hereee, i is 68
path = /gg.c, node's path = 
got hereee, i is 70
path = /gg.c, node's path = 
got hereee, i is 71
path = /gg.c, node's path = 
got hereee, i is 73
path = /gg.c, node's path = 
got hereee, i is 76
path = /gg.c, node's path = 
got hereee, i is 79
path = /gg.c, node's path = 
got hereee, i is 81
path = /gg.c, node's path = 
got hereee, i is 82
path = /gg.c, node's path = 
got hereee, i is 83
path = /gg.c, node's path = 
got hereee, i is 84
path = /gg.c, node's path = 
got hereee, i is 87
path = /gg.c, node's path = 
got hereee, i is 90
path = /gg.c, node's path = 
got hereee, i is 92
path = /gg.c, node's path = 
got hereee, i is 95
path = /gg.c, node's path = 
got hereee, i is 97
path = /gg.c, node's path = 
got hereee, i is 99
path = /gg.c, node's path = 
got hereee, i is 100
path = /gg.c, node's path = 
got hereee, i is 103
path = /gg.c, node's path = 
got hereee, i is 106
path = /gg.c, node's path = 
got hereee, i is 107
path = /gg.c, node's path = 
got hereee, i is 111
path = /gg.c, node's path = 
got hereee, i is 112
path = /gg.c, node's path = 
got hereee, i is 113
path = /gg.c, node's path = 
got hereee, i is 114
path = /gg.c, node's path = 
got hereee, i is 115
path = /gg.c, node's path = 
got hereee, i is 116
path = /gg.c, node's path = 
got hereee, i is 118
path = /gg.c, node's path = 
got hereee, i is 119
path = /gg.c, node's path = 
got hereee, i is 121
path = /gg.c, node's path = 
got hereee, i is 124
path = /gg.c, node's path = 
got hereee, i is 127
path = /gg.c, node's path = 
still didnt fail
didnt found the inode
    si:
    st_dev = 0
    st_ino = 0
    st_mode = 00
    st_nlink = 0
    st_uid = 0
    st_gid = 0
    st_rdev = 0
    st_size = 0
    st_blksize = 0
    st_blocks = 0
    st_atime = 0x00000000
    st_mtime = 0x00000000
    st_ctime = 0x00000000

sfs_getattr(path="/gg.c~", statbuf=0x4e86ac20)
didnt fail yet
got hereee, i is 0
path = /gg.c~, node's path = /
got hereee, i is 2
path = /gg.c~, node's path = 
got hereee, i is 3
path = /gg.c~, node's path = 
got hereee, i is 4
path = /gg.c~, node's path = 
got hereee, i is 6
path = /gg.c~, node's path = 
got hereee, i is 7
path = /gg.c~, node's path = 
got hereee, i is 8
path = /gg.c~, node's path = 
got hereee, i is 9
path = /gg.c~, node's path = 
got hereee, i is 10
path = /gg.c~, node's path = 
got hereee, i is 11
path = /gg.c~, node's path = 
got hereee, i is 15
path = /gg.c~, node's path = 
got hereee, i is 16
path = /gg.c~, node's path = 
got hereee, i is 18
path = /gg.c~, node's path = 
got hereee, i is 19
path = /gg.c~, node's path = 
got hereee, i is 23
path = /gg.c~, node's path = 
got hereee, i is 28
path = /gg.c~, node's path = 
got hereee, i is 31
path = /gg.c~, node's path = 
got hereee, i is 32
path = /gg.c~, node's path = 
got hereee, i is 34
path = /gg.c~, node's path = 
got hereee, i is 36
path = /gg.c~, node's path = 
got hereee, i is 39
path = /gg.c~, node's path = 
got hereee, i is 41
path = /gg.c~, node's path = 
got hereee, i is 43
path = /gg.c~, node's path = 
got hereee, i is 44
path = /gg.c~, node's path = 
got hereee, i is 47
path = /gg.c~, node's path = 
got hereee, i is 50
path = /gg.c~, node's path = 
got hereee, i is 51
path = /gg.c~, node's path = 
got hereee, i is 52
path = /gg.c~, node's path = 
got hereee, i is 55
path = /gg.c~, node's path = 
got hereee, i is 56
path = /gg.c~, node's path = 
got hereee, i is 57
path = /gg.c~, node's path = 
got hereee, i is 59
path = /gg.c~, node's path = 
got hereee, i is 63
path = /gg.c~, node's path = 
got hereee, i is 64
path = /gg.c~, node's path = 
got hereee, i is 65
path = /gg.c~, node's path = 
got hereee, i is 66
path = /gg.c~, node's path = 
got hereee, i is 67
path = /gg.c~, node's path = 
got hereee, i is 68
path = /gg.c~, node's path = 
got hereee, i is 70
path = /gg.c~, node's path = 
got hereee, i is 71
path = /gg.c~, node's path = 
got hereee, i is 73
path = /gg.c~, node's path = 
got hereee, i is 76
path = /gg.c~, node's path = 
got hereee, i is 79
path = /gg.c~, node's path = 
got hereee, i is 81
path = /gg.c~, node's path = 
got hereee, i is 82
path = /gg.c~, node's path = 
got hereee, i is 83
path = /gg.c~, node's path = 
got hereee, i is 84
path = /gg.c~, node's path = 
got hereee, i is 87
path = /gg.c~, node's path = 
got hereee, i is 90
path = /gg.c~, node's path = 
got hereee, i is 92
path = /gg.c~, node's path = 
got hereee, i is 95
path = /gg.c~, node's path = 
got hereee, i is 97
path = /gg.c~, node's path = 
got hereee, i is 99
path = /gg.c~, node's path = 
got hereee, i is 100
path = /gg.c~, node's path = 
got hereee, i is 103
path = /gg.c~, node's path = 
got hereee, i is 106
path = /gg.c~, node's path = 
got hereee, i is 107
path = /gg.c~, node's path = 
got hereee, i is 111
path = /gg.c~, node's path = 
got hereee, i is 112
path = /gg.c~, node's path = 
got hereee, i is 113
path = /gg.c~, node's path = 
got hereee, i is 114
path = /gg.c~, node's path = 
got hereee, i is 115
path = /gg.c~, node's path = 
got hereee, i is 116
path = /gg.c~, node's path = 
got hereee, i is 118
path = /gg.c~, node's path = 
got hereee, i is 119
path = /gg.c~, node's path = 
got hereee, i is 121
path = /gg.c~, node's path = 
got hereee, i is 124
path = /gg.c~, node's path = 
got hereee, i is 127
path = /gg.c~, node's path = 
still didnt fail
didnt found the inode
    si:
    st_dev = 0
    st_ino = 0
    st_mode = 00
    st_nlink = 0
    st_uid = 0
    st_gid = 0
    st_rdev = 0
    st_size = 0
    st_blksize = 0
    st_blocks = 0
    st_atime = 0x00000000
    st_mtime = 0x00000000
    st_ctime = 0x00000000

sfs_getattr(path="/gg.z~", statbuf=0x4f06bc20)
didnt fail yet
got hereee, i is 0
path = /gg.z~, node's path = /
got hereee, i is 2
path = /gg.z~, node's path = 
got hereee, i is 3
path = /gg.z~, node's path = 
got hereee, i is 4
path = /gg.z~, node's path = 
got hereee, i is 6
path = /gg.z~, node's path = 
got hereee, i is 7
path = /gg.z~, node's path = 
got hereee, i is 8
path = /gg.z~, node's path = 
got hereee, i is 9
path = /gg.z~, node's path = 
got hereee, i is 10
path = /gg.z~, node's path = 
got hereee, i is 11
path = /gg.z~, node's path = 
got hereee, i is 15
path = /gg.z~, node's path = 
got hereee, i is 16
path = /gg.z~, node's path = 
got hereee, i is 18
path = /gg.z~, node's path = 
got hereee, i is 19
path = /gg.z~, node's path = 
got hereee, i is 23
path = /gg.z~, node's path = 
got hereee, i is 28
path = /gg.z~, node's path = 
got hereee, i is 31
path = /gg.z~, node's path = 
got hereee, i is 32
path = /gg.z~, node's path = 
got hereee, i is 34
path = /gg.z~, node's path = 
got hereee, i is 36
path = /gg.z~, node's path = 
got hereee, i is 39
path = /gg.z~, node's path = 
got hereee, i is 41
path = /gg.z~, node's path = 
got hereee, i is 43
path = /gg.z~, node's path = 
got hereee, i is 44
path = /gg.z~, node's path = 
got hereee, i is 47
path = /gg.z~, node's path = 
got hereee, i is 50
path = /gg.z~, node's path = 
got hereee, i is 51
path = /gg.z~, node's path = 
got hereee, i is 52
path = /gg.z~, node's path = 
got hereee, i is 55
path = /gg.z~, node's path = 
got hereee, i is 56
path = /gg.z~, node's path = 
got hereee, i is 57
path = /gg.z~, node's path = 
got hereee, i is 59
path = /gg.z~, node's path = 
got hereee, i is 63
path = /gg.z~, node's path = 
got hereee, i is 64
path = /gg.z~, node's path = 
got hereee, i is 65
path = /gg.z~, node's path = 
got hereee, i is 66
path = /gg.z~, node's path = 
got hereee, i is 67
path = /gg.z~, node's path = 
got hereee, i is 68
path = /gg.z~, node's path = 
got hereee, i is 70
path = /gg.z~, node's path = 
got hereee, i is 71
path = /gg.z~, node's path = 
got hereee, i is 73
path = /gg.z~, node's path = 
got hereee, i is 76
path = /gg.z~, node's path = 
got hereee, i is 79
path = /gg.z~, node's path = 
got hereee, i is 81
path = /gg.z~, node's path = 
got hereee, i is 82
path = /gg.z~, node's path = 
got hereee, i is 83
path = /gg.z~, node's path = 
got hereee, i is 84
path = /gg.z~, node's path = 
got hereee, i is 87
path = /gg.z~, node's path = 
got hereee, i is 90
path = /gg.z~, node's path = 
got hereee, i is 92
path = /gg.z~, node's path = 
got hereee, i is 95
path = /gg.z~, node's path = 
got hereee, i is 97
path = /gg.z~, node's path = 
got hereee, i is 99
path = /gg.z~, node's path = 
got hereee, i is 100
path = /gg.z~, node's path = 
got hereee, i is 103
path = /gg.z~, node's path = 
got hereee, i is 106
path = /gg.z~, node's path = 
got hereee, i is 107
path = /gg.z~, node's path = 
got hereee, i is 111
path = /gg.z~, node's path = 
got hereee, i is 112
path = /gg.z~, node's path = 
got hereee, i is 113
path = /gg.z~, node's path = 
got hereee, i is 114
path = /gg.z~, node's path = 
got hereee, i is 115
path = /gg.z~, node's path = 
got hereee, i is 116
path = /gg.z~, node's path = 
got hereee, i is 118
path = /gg.z~, node's path = 
got hereee, i is 119
path = /gg.z~, node's path = 
got hereee, i is 121
path = /gg.z~, node's path = 
got hereee, i is 124
path = /gg.z~, node's path = 
got hereee, i is 127
path = /gg.z~, node's path = 
still didnt fail
didnt found the inode
    si:
    st_dev = 0
    st_ino = 0
    st_mode = 00
    st_nlink = 0
    st_uid = 0
    st_gid = 0
    st_rdev = 0
    st_size = 0
    st_blksize = 0
    st_blocks = 0
    st_atime = 0x00000000
    st_mtime = 0x00000000
    st_ctime = 0x00000000
